This file contains any messages produced by compilers while
running configure, to aid debugging if configure makes a mistake.

It was created by liquid-dsp configure 1.2.0, which was
generated by GNU Autoconf 2.69.  Invocation command line was

  $ ./configure 

## --------- ##
## Platform. ##
## --------- ##

hostname = adjusted-baboon
uname -m = x86_64
uname -r = 4.4.0-104-generic
uname -s = Linux
uname -v = #127~14.04.1-Ubuntu SMP Mon Dec 11 12:44:15 UTC 2017

/usr/bin/uname -p = unknown
/bin/uname -X     = unknown

/bin/arch              = unknown
/usr/bin/arch -k       = unknown
/usr/convex/getsysinfo = unknown
/usr/bin/hostinfo      = unknown
/bin/machine           = unknown
/usr/bin/oslevel       = unknown
/bin/universe          = unknown

PATH: /usr/local/sbin
PATH: /usr/local/bin
PATH: /usr/sbin
PATH: /usr/bin
PATH: /sbin
PATH: /bin
PATH: /usr/games
PATH: /usr/local/games


## ----------- ##
## Core tests. ##
## ----------- ##

configure:2540: checking for gcc
configure:2556: found /usr/bin/gcc
configure:2567: result: gcc
configure:2796: checking for C compiler version
configure:2805: gcc --version >&5
gcc (Ubuntu 4.8.4-2ubuntu1~14.04.3) 4.8.4
Copyright (C) 2013 Free Software Foundation, Inc.
This is free software; see the source for copying conditions.  There is NO
warranty; not even for MERCHANTABILITY or FITNESS FOR A PARTICULAR PURPOSE.

configure:2816: $? = 0
configure:2805: gcc -v >&5
Using built-in specs.
COLLECT_GCC=gcc
COLLECT_LTO_WRAPPER=/usr/lib/gcc/x86_64-linux-gnu/4.8/lto-wrapper
Target: x86_64-linux-gnu
Configured with: ../src/configure -v --with-pkgversion='Ubuntu 4.8.4-2ubuntu1~14.04.3' --with-bugurl=file:///usr/share/doc/gcc-4.8/README.Bugs --enable-languages=c,c++,java,go,d,fortran,objc,obj-c++ --prefix=/usr --program-suffix=-4.8 --enable-shared --enable-linker-build-id --libexecdir=/usr/lib --without-included-gettext --enable-threads=posix --with-gxx-include-dir=/usr/include/c++/4.8 --libdir=/usr/lib --enable-nls --with-sysroot=/ --enable-clocale=gnu --enable-libstdcxx-debug --enable-libstdcxx-time=yes --enable-gnu-unique-object --disable-libmudflap --enable-plugin --with-system-zlib --disable-browser-plugin --enable-java-awt=gtk --enable-gtk-cairo --with-java-home=/usr/lib/jvm/java-1.5.0-gcj-4.8-amd64/jre --enable-java-home --with-jvm-root-dir=/usr/lib/jvm/java-1.5.0-gcj-4.8-amd64 --with-jvm-jar-dir=/usr/lib/jvm-exports/java-1.5.0-gcj-4.8-amd64 --with-arch-directory=amd64 --with-ecj-jar=/usr/share/java/eclipse-ecj.jar --enable-objc-gc --enable-multiarch --disable-werror --with-arch-32=i686 --with-abi=m64 --with-multilib-list=m32,m64,mx32 --with-tune=generic --enable-checking=release --build=x86_64-linux-gnu --host=x86_64-linux-gnu --target=x86_64-linux-gnu
Thread model: posix
gcc version 4.8.4 (Ubuntu 4.8.4-2ubuntu1~14.04.3) 
configure:2816: $? = 0
configure:2805: gcc -V >&5
gcc: error: unrecognized command line option '-V'
gcc: fatal error: no input files
compilation terminated.
configure:2816: $? = 4
configure:2805: gcc -qversion >&5
gcc: error: unrecognized command line option '-qversion'
gcc: fatal error: no input files
compilation terminated.
configure:2816: $? = 4
configure:2836: checking whether the C compiler works
configure:2858: gcc    conftest.c  >&5
configure:2862: $? = 0
configure:2910: result: yes
configure:2913: checking for C compiler default output file name
configure:2915: result: a.out
configure:2921: checking for suffix of executables
configure:2928: gcc -o conftest    conftest.c  >&5
configure:2932: $? = 0
configure:2954: result: 
configure:2976: checking whether we are cross compiling
configure:2984: gcc -o conftest    conftest.c  >&5
configure:2988: $? = 0
configure:2995: ./conftest
configure:2999: $? = 0
configure:3014: result: no
configure:3019: checking for suffix of object files
configure:3041: gcc -c   conftest.c >&5
configure:3045: $? = 0
configure:3066: result: o
configure:3070: checking whether we are using the GNU C compiler
configure:3089: gcc -c   conftest.c >&5
configure:3089: $? = 0
configure:3098: result: yes
configure:3107: checking whether gcc accepts -g
configure:3127: gcc -c -g  conftest.c >&5
configure:3127: $? = 0
configure:3168: result: yes
configure:3185: checking for gcc option to accept ISO C89
configure:3248: gcc  -c -g -O2  conftest.c >&5
configure:3248: $? = 0
configure:3261: result: none needed
configure:3281: checking for a sed that does not truncate output
configure:3345: result: /bin/sed
configure:3350: checking for grep that handles long lines and -e
configure:3408: result: /bin/grep
configure:3427: checking for a BSD-compatible install
configure:3495: result: /usr/bin/install -c
configure:3549: checking for ranlib
configure:3565: found /usr/bin/ranlib
configure:3576: result: ranlib
configure:3601: checking for error_at_line
configure:3617: gcc -o conftest -g -O2   conftest.c  >&5
configure:3617: $? = 0
configure:3625: result: yes
configure:3641: checking how to run the C preprocessor
configure:3672: gcc -E  conftest.c
configure:3672: $? = 0
configure:3686: gcc -E  conftest.c
conftest.c:9:28: fatal error: ac_nonexistent.h: No such file or directory
 #include <ac_nonexistent.h>
                            ^
compilation terminated.
configure:3686: $? = 1
configure: failed program was:
| /* confdefs.h */
| #define PACKAGE_NAME "liquid-dsp"
| #define PACKAGE_TARNAME "liquid-dsp"
| #define PACKAGE_VERSION "1.2.0"
| #define PACKAGE_STRING "liquid-dsp 1.2.0"
| #define PACKAGE_BUGREPORT "support@liquidsdr.org"
| #define PACKAGE_URL ""
| /* end confdefs.h.  */
| #include <ac_nonexistent.h>
configure:3711: result: gcc -E
configure:3731: gcc -E  conftest.c
configure:3731: $? = 0
configure:3745: gcc -E  conftest.c
conftest.c:9:28: fatal error: ac_nonexistent.h: No such file or directory
 #include <ac_nonexistent.h>
                            ^
compilation terminated.
configure:3745: $? = 1
configure: failed program was:
| /* confdefs.h */
| #define PACKAGE_NAME "liquid-dsp"
| #define PACKAGE_TARNAME "liquid-dsp"
| #define PACKAGE_VERSION "1.2.0"
| #define PACKAGE_STRING "liquid-dsp 1.2.0"
| #define PACKAGE_BUGREPORT "support@liquidsdr.org"
| #define PACKAGE_URL ""
| /* end confdefs.h.  */
| #include <ac_nonexistent.h>
configure:3774: checking for egrep
configure:3836: result: /bin/grep -E
configure:3841: checking for ANSI C header files
configure:3861: gcc -c -g -O2  conftest.c >&5
configure:3861: $? = 0
configure:3934: gcc -o conftest -g -O2   conftest.c  >&5
configure:3934: $? = 0
configure:3934: ./conftest
configure:3934: $? = 0
configure:3945: result: yes
configure:3958: checking for sys/types.h
configure:3958: gcc -c -g -O2  conftest.c >&5
configure:3958: $? = 0
configure:3958: result: yes
configure:3958: checking for sys/stat.h
configure:3958: gcc -c -g -O2  conftest.c >&5
configure:3958: $? = 0
configure:3958: result: yes
configure:3958: checking for stdlib.h
configure:3958: gcc -c -g -O2  conftest.c >&5
configure:3958: $? = 0
configure:3958: result: yes
configure:3958: checking for string.h
configure:3958: gcc -c -g -O2  conftest.c >&5
configure:3958: $? = 0
configure:3958: result: yes
configure:3958: checking for memory.h
configure:3958: gcc -c -g -O2  conftest.c >&5
configure:3958: $? = 0
configure:3958: result: yes
configure:3958: checking for strings.h
configure:3958: gcc -c -g -O2  conftest.c >&5
configure:3958: $? = 0
configure:3958: result: yes
configure:3958: checking for inttypes.h
configure:3958: gcc -c -g -O2  conftest.c >&5
configure:3958: $? = 0
configure:3958: result: yes
configure:3958: checking for stdint.h
configure:3958: gcc -c -g -O2  conftest.c >&5
configure:3958: $? = 0
configure:3958: result: yes
configure:3958: checking for unistd.h
configure:3958: gcc -c -g -O2  conftest.c >&5
configure:3958: $? = 0
configure:3958: result: yes
configure:3972: checking for stdlib.h
configure:3972: result: yes
configure:3982: checking for GNU libc compatible malloc
configure:4006: gcc -o conftest -g -O2   conftest.c  >&5
configure:4006: $? = 0
configure:4006: ./conftest
configure:4006: $? = 0
configure:4016: result: yes
configure:4039: checking for stdlib.h
configure:4039: result: yes
configure:4049: checking for GNU libc compatible realloc
configure:4073: gcc -o conftest -g -O2   conftest.c  >&5
configure:4073: $? = 0
configure:4073: ./conftest
configure:4073: $? = 0
configure:4083: result: yes
configure:4106: checking for main in -lc
configure:4125: gcc -o conftest -g -O2   conftest.c -lc   >&5
configure:4125: $? = 0
configure:4134: result: yes
configure:4147: checking for main in -lm
configure:4166: gcc -o conftest -g -O2   conftest.c -lm  -lc  >&5
configure:4166: $? = 0
configure:4175: result: yes
configure:4190: checking for malloc
configure:4190: gcc -o conftest -g -O2   conftest.c -lm -lc  >&5
conftest.c:48:6: warning: conflicting types for built-in function 'malloc' [enabled by default]
 char malloc ();
      ^
configure:4190: $? = 0
configure:4190: result: yes
configure:4197: checking for realloc
configure:4197: gcc -o conftest -g -O2   conftest.c -lm -lc  >&5
conftest.c:48:6: warning: conflicting types for built-in function 'realloc' [enabled by default]
 char realloc ();
      ^
configure:4197: $? = 0
configure:4197: result: yes
configure:4204: checking for free
configure:4204: gcc -o conftest -g -O2   conftest.c -lm -lc  >&5
conftest.c:48:6: warning: conflicting types for built-in function 'free' [enabled by default]
 char free ();
      ^
configure:4204: $? = 0
configure:4204: result: yes
configure:4211: checking for memset
configure:4211: gcc -o conftest -g -O2   conftest.c -lm -lc  >&5
conftest.c:48:6: warning: conflicting types for built-in function 'memset' [enabled by default]
 char memset ();
      ^
configure:4211: $? = 0
configure:4211: result: yes
configure:4218: checking for memmove
configure:4218: gcc -o conftest -g -O2   conftest.c -lm -lc  >&5
conftest.c:48:6: warning: conflicting types for built-in function 'memmove' [enabled by default]
 char memmove ();
      ^
configure:4218: $? = 0
configure:4218: result: yes
configure:4226: checking for sinf
configure:4226: gcc -o conftest -g -O2   conftest.c -lm -lc  >&5
conftest.c:48:6: warning: conflicting types for built-in function 'sinf' [enabled by default]
 char sinf ();
      ^
configure:4226: $? = 0
configure:4226: result: yes
configure:4233: checking for cosf
configure:4233: gcc -o conftest -g -O2   conftest.c -lm -lc  >&5
conftest.c:48:6: warning: conflicting types for built-in function 'cosf' [enabled by default]
 char cosf ();
      ^
configure:4233: $? = 0
configure:4233: result: yes
configure:4240: checking for expf
configure:4240: gcc -o conftest -g -O2   conftest.c -lm -lc  >&5
conftest.c:48:6: warning: conflicting types for built-in function 'expf' [enabled by default]
 char expf ();
      ^
configure:4240: $? = 0
configure:4240: result: yes
configure:4247: checking for cargf
configure:4247: gcc -o conftest -g -O2   conftest.c -lm -lc  >&5
conftest.c:48:6: warning: conflicting types for built-in function 'cargf' [enabled by default]
 char cargf ();
      ^
configure:4247: $? = 0
configure:4247: result: yes
configure:4254: checking for cexpf
configure:4254: gcc -o conftest -g -O2   conftest.c -lm -lc  >&5
conftest.c:48:6: warning: conflicting types for built-in function 'cexpf' [enabled by default]
 char cexpf ();
      ^
configure:4254: $? = 0
configure:4254: result: yes
configure:4261: checking for crealf
configure:4261: gcc -o conftest -g -O2   conftest.c -lm -lc  >&5
conftest.c:48:6: warning: conflicting types for built-in function 'crealf' [enabled by default]
 char crealf ();
      ^
configure:4261: $? = 0
configure:4261: result: yes
configure:4268: checking for cimagf
configure:4268: gcc -o conftest -g -O2   conftest.c -lm -lc  >&5
conftest.c:48:6: warning: conflicting types for built-in function 'cimagf' [enabled by default]
 char cimagf ();
      ^
configure:4268: $? = 0
configure:4268: result: yes
configure:4275: checking for sqrtf
configure:4275: gcc -o conftest -g -O2   conftest.c -lm -lc  >&5
conftest.c:48:6: warning: conflicting types for built-in function 'sqrtf' [enabled by default]
 char sqrtf ();
      ^
configure:4275: $? = 0
configure:4275: result: yes
configure:4287: checking stdio.h usability
configure:4287: gcc -c -g -O2  conftest.c >&5
configure:4287: $? = 0
configure:4287: result: yes
configure:4287: checking stdio.h presence
configure:4287: gcc -E  conftest.c
configure:4287: $? = 0
configure:4287: result: yes
configure:4287: checking for stdio.h
configure:4287: result: yes
configure:4287: checking for stdlib.h
configure:4287: result: yes
configure:4287: checking complex.h usability
configure:4287: gcc -c -g -O2  conftest.c >&5
configure:4287: $? = 0
configure:4287: result: yes
configure:4287: checking complex.h presence
configure:4287: gcc -E  conftest.c
configure:4287: $? = 0
configure:4287: result: yes
configure:4287: checking for complex.h
configure:4287: result: yes
configure:4287: checking for string.h
configure:4287: result: yes
configure:4287: checking getopt.h usability
configure:4287: gcc -c -g -O2  conftest.c >&5
configure:4287: $? = 0
configure:4287: result: yes
configure:4287: checking getopt.h presence
configure:4287: gcc -E  conftest.c
configure:4287: $? = 0
configure:4287: result: yes
configure:4287: checking for getopt.h
configure:4287: result: yes
configure:4287: checking sys/resource.h usability
configure:4287: gcc -c -g -O2  conftest.c >&5
configure:4287: $? = 0
configure:4287: result: yes
configure:4287: checking sys/resource.h presence
configure:4287: gcc -E  conftest.c
configure:4287: $? = 0
configure:4287: result: yes
configure:4287: checking for sys/resource.h
configure:4287: result: yes
configure:4287: checking float.h usability
configure:4287: gcc -c -g -O2  conftest.c >&5
configure:4287: $? = 0
configure:4287: result: yes
configure:4287: checking float.h presence
configure:4287: gcc -E  conftest.c
configure:4287: $? = 0
configure:4287: result: yes
configure:4287: checking for float.h
configure:4287: result: yes
configure:4287: checking for inttypes.h
configure:4287: result: yes
configure:4287: checking limits.h usability
configure:4287: gcc -c -g -O2  conftest.c >&5
configure:4287: $? = 0
configure:4287: result: yes
configure:4287: checking limits.h presence
configure:4287: gcc -E  conftest.c
configure:4287: $? = 0
configure:4287: result: yes
configure:4287: checking for limits.h
configure:4287: result: yes
configure:4287: checking for stdlib.h
configure:4287: result: yes
configure:4287: checking for string.h
configure:4287: result: yes
configure:4287: checking for unistd.h
configure:4287: result: yes
configure:4306: checking fec.h usability
configure:4306: gcc -c -g -O2  conftest.c >&5
configure:4306: $? = 0
configure:4306: result: yes
configure:4306: checking fec.h presence
configure:4306: gcc -E  conftest.c
configure:4306: $? = 0
configure:4306: result: yes
configure:4306: checking for fec.h
configure:4306: result: yes
configure:4306: checking fftw3.h usability
configure:4306: gcc -c -g -O2  conftest.c >&5
configure:4306: $? = 0
configure:4306: result: yes
configure:4306: checking fftw3.h presence
configure:4306: gcc -E  conftest.c
configure:4306: $? = 0
configure:4306: result: yes
configure:4306: checking for fftw3.h
configure:4306: result: yes
configure:4316: checking for fftwf_plan_dft_1d in -lfftw3f
configure:4341: gcc -o conftest -g -O2   conftest.c -lfftw3f  -lm -lc  >&5
configure:4341: $? = 0
configure:4350: result: yes
configure:4364: checking for create_viterbi27 in -lfec
configure:4389: gcc -o conftest -g -O2   conftest.c -lfec  -lfftw3f -lm -lc  >&5
configure:4389: $? = 0
configure:4398: result: yes
configure:4414: checking for inline
configure:4430: gcc -c -g -O2  conftest.c >&5
configure:4430: $? = 0
configure:4438: result: inline
configure:4456: checking for size_t
configure:4456: gcc -c -g -O2  conftest.c >&5
configure:4456: $? = 0
configure:4456: gcc -c -g -O2  conftest.c >&5
conftest.c: In function 'main':
conftest.c:77:21: error: expected expression before ')' token
 if (sizeof ((size_t)))
                     ^
configure:4456: $? = 1
configure: failed program was:
| /* confdefs.h */
| #define PACKAGE_NAME "liquid-dsp"
| #define PACKAGE_TARNAME "liquid-dsp"
| #define PACKAGE_VERSION "1.2.0"
| #define PACKAGE_STRING "liquid-dsp 1.2.0"
| #define PACKAGE_BUGREPORT "support@liquidsdr.org"
| #define PACKAGE_URL ""
| #define STDC_HEADERS 1
| #define HAVE_SYS_TYPES_H 1
| #define HAVE_SYS_STAT_H 1
| #define HAVE_STDLIB_H 1
| #define HAVE_STRING_H 1
| #define HAVE_MEMORY_H 1
| #define HAVE_STRINGS_H 1
| #define HAVE_INTTYPES_H 1
| #define HAVE_STDINT_H 1
| #define HAVE_UNISTD_H 1
| #define HAVE_STDLIB_H 1
| #define HAVE_MALLOC 1
| #define HAVE_STDLIB_H 1
| #define HAVE_REALLOC 1
| #define HAVE_LIBC 1
| #define HAVE_LIBM 1
| #define HAVE_STDIO_H 1
| #define HAVE_STDLIB_H 1
| #define HAVE_COMPLEX_H 1
| #define HAVE_STRING_H 1
| #define HAVE_GETOPT_H 1
| #define HAVE_SYS_RESOURCE_H 1
| #define HAVE_FLOAT_H 1
| #define HAVE_INTTYPES_H 1
| #define HAVE_LIMITS_H 1
| #define HAVE_STDLIB_H 1
| #define HAVE_STRING_H 1
| #define HAVE_UNISTD_H 1
| #define HAVE_FEC_H 1
| #define HAVE_FFTW3_H 1
| #define HAVE_LIBFFTW3F 1
| #define HAVE_LIBFEC 1
| /* end confdefs.h.  */
| #include <stdio.h>
| #ifdef HAVE_SYS_TYPES_H
| # include <sys/types.h>
| #endif
| #ifdef HAVE_SYS_STAT_H
| # include <sys/stat.h>
| #endif
| #ifdef STDC_HEADERS
| # include <stdlib.h>
| # include <stddef.h>
| #else
| # ifdef HAVE_STDLIB_H
| #  include <stdlib.h>
| # endif
| #endif
| #ifdef HAVE_STRING_H
| # if !defined STDC_HEADERS && defined HAVE_MEMORY_H
| #  include <memory.h>
| # endif
| # include <string.h>
| #endif
| #ifdef HAVE_STRINGS_H
| # include <strings.h>
| #endif
| #ifdef HAVE_INTTYPES_H
| # include <inttypes.h>
| #endif
| #ifdef HAVE_STDINT_H
| # include <stdint.h>
| #endif
| #ifdef HAVE_UNISTD_H
| # include <unistd.h>
| #endif
| int
| main ()
| {
| if (sizeof ((size_t)))
| 	    return 0;
|   ;
|   return 0;
| }
configure:4456: result: yes
configure:4467: checking for uint32_t
configure:4467: gcc -c -g -O2  conftest.c >&5
configure:4467: $? = 0
configure:4467: result: yes
configure:4481: checking for uint8_t
configure:4481: gcc -c -g -O2  conftest.c >&5
configure:4481: $? = 0
configure:4481: result: yes
configure:4501: checking size of int
configure:4506: gcc -o conftest -g -O2   conftest.c -lfec -lfftw3f -lm -lc  >&5
configure:4506: $? = 0
configure:4506: ./conftest
configure:4506: $? = 0
configure:4520: result: 4
configure:4534: checking size of unsigned int
configure:4539: gcc -o conftest -g -O2   conftest.c -lfec -lfftw3f -lm -lc  >&5
configure:4539: $? = 0
configure:4539: ./conftest
configure:4539: $? = 0
configure:4553: result: 4
configure:4572: checking build system type
configure:4586: result: x86_64-unknown-linux-gnu
configure:4606: checking host system type
configure:4619: result: x86_64-unknown-linux-gnu
configure:4651: checking for gcc architecture flag
configure:4653: result: 
configure:4675: checking for x86 cpuid 0 output
configure:4704: gcc -o conftest -g -O2   conftest.c -lfec -lfftw3f -lm -lc  >&5
configure:4704: $? = 0
configure:4704: ./conftest
configure:4704: $? = 0
configure:4714: result: 16:756e6547:6c65746e:49656e69
configure:4730: checking for x86 cpuid 1 output
configure:4759: gcc -o conftest -g -O2   conftest.c -lfec -lfftw3f -lm -lc  >&5
configure:4759: $? = 0
configure:4759: ./conftest
configure:4759: $? = 0
configure:4769: result: 506e3:7100800:7ffafbff:bfebfbff
configure:4993: checking whether C compiler accepts -march=core2
configure:5012: gcc -c -g -O2  -march=core2  conftest.c >&5
configure:5012: $? = 0
configure:5021: result: yes
configure:5038: checking for gcc architecture flag
configure:5040: result: -march=core2
configure:5050: checking target system type
configure:5063: result: x86_64-unknown-linux-gnu
configure:5109: checking for x86 cpuid 0x00000001 output
configure:5138: gcc -o conftest -g -O2 -march=core2   conftest.c -lfec -lfftw3f -lm -lc  >&5
configure:5138: $? = 0
configure:5138: ./conftest
configure:5138: $? = 0
configure:5148: result: 506e3:3100800:7ffafbff:bfebfbff
configure:5163: checking mmintrin.h usability
configure:5163: gcc -c -g -O2 -march=core2  conftest.c >&5
configure:5163: $? = 0
configure:5163: result: yes
configure:5163: checking mmintrin.h presence
configure:5163: gcc -E  conftest.c
configure:5163: $? = 0
configure:5163: result: yes
configure:5163: checking for mmintrin.h
configure:5163: result: yes
configure:5163: checking xmmintrin.h usability
configure:5163: gcc -c -g -O2 -march=core2  conftest.c >&5
configure:5163: $? = 0
configure:5163: result: yes
configure:5163: checking xmmintrin.h presence
configure:5163: gcc -E  conftest.c
configure:5163: $? = 0
configure:5163: result: yes
configure:5163: checking for xmmintrin.h
configure:5163: result: yes
configure:5163: checking emmintrin.h usability
configure:5163: gcc -c -g -O2 -march=core2  conftest.c >&5
configure:5163: $? = 0
configure:5163: result: yes
configure:5163: checking emmintrin.h presence
configure:5163: gcc -E  conftest.c
configure:5163: $? = 0
configure:5163: result: yes
configure:5163: checking for emmintrin.h
configure:5163: result: yes
configure:5163: checking pmmintrin.h usability
configure:5163: gcc -c -g -O2 -march=core2  conftest.c >&5
configure:5163: $? = 0
configure:5163: result: yes
configure:5163: checking pmmintrin.h presence
configure:5163: gcc -E  conftest.c
In file included from conftest.c:46:0:
/usr/lib/gcc/x86_64-linux-gnu/4.8/include/pmmintrin.h:31:3: error: #error "SSE3 instruction set not enabled"
 # error "SSE3 instruction set not enabled"
   ^
configure:5163: $? = 1
configure: failed program was:
| /* confdefs.h */
| #define PACKAGE_NAME "liquid-dsp"
| #define PACKAGE_TARNAME "liquid-dsp"
| #define PACKAGE_VERSION "1.2.0"
| #define PACKAGE_STRING "liquid-dsp 1.2.0"
| #define PACKAGE_BUGREPORT "support@liquidsdr.org"
| #define PACKAGE_URL ""
| #define STDC_HEADERS 1
| #define HAVE_SYS_TYPES_H 1
| #define HAVE_SYS_STAT_H 1
| #define HAVE_STDLIB_H 1
| #define HAVE_STRING_H 1
| #define HAVE_MEMORY_H 1
| #define HAVE_STRINGS_H 1
| #define HAVE_INTTYPES_H 1
| #define HAVE_STDINT_H 1
| #define HAVE_UNISTD_H 1
| #define HAVE_STDLIB_H 1
| #define HAVE_MALLOC 1
| #define HAVE_STDLIB_H 1
| #define HAVE_REALLOC 1
| #define HAVE_LIBC 1
| #define HAVE_LIBM 1
| #define HAVE_STDIO_H 1
| #define HAVE_STDLIB_H 1
| #define HAVE_COMPLEX_H 1
| #define HAVE_STRING_H 1
| #define HAVE_GETOPT_H 1
| #define HAVE_SYS_RESOURCE_H 1
| #define HAVE_FLOAT_H 1
| #define HAVE_INTTYPES_H 1
| #define HAVE_LIMITS_H 1
| #define HAVE_STDLIB_H 1
| #define HAVE_STRING_H 1
| #define HAVE_UNISTD_H 1
| #define HAVE_FEC_H 1
| #define HAVE_FFTW3_H 1
| #define HAVE_LIBFFTW3F 1
| #define HAVE_LIBFEC 1
| #define SIZEOF_INT 4
| #define SIZEOF_UNSIGNED_INT 4
| #define HAVE_MMINTRIN_H 1
| #define HAVE_XMMINTRIN_H 1
| #define HAVE_EMMINTRIN_H 1
| /* end confdefs.h.  */
| #include <pmmintrin.h>
configure:5163: result: no
configure:5163: WARNING: pmmintrin.h: accepted by the compiler, rejected by the preprocessor!
configure:5163: WARNING: pmmintrin.h: proceeding with the compiler's result
configure:5163: checking for pmmintrin.h
configure:5163: result: yes
configure:5163: checking tmmintrin.h usability
configure:5163: gcc -c -g -O2 -march=core2  conftest.c >&5
configure:5163: $? = 0
configure:5163: result: yes
configure:5163: checking tmmintrin.h presence
configure:5163: gcc -E  conftest.c
In file included from conftest.c:47:0:
/usr/lib/gcc/x86_64-linux-gnu/4.8/include/tmmintrin.h:31:3: error: #error "SSSE3 instruction set not enabled"
 # error "SSSE3 instruction set not enabled"
   ^
configure:5163: $? = 1
configure: failed program was:
| /* confdefs.h */
| #define PACKAGE_NAME "liquid-dsp"
| #define PACKAGE_TARNAME "liquid-dsp"
| #define PACKAGE_VERSION "1.2.0"
| #define PACKAGE_STRING "liquid-dsp 1.2.0"
| #define PACKAGE_BUGREPORT "support@liquidsdr.org"
| #define PACKAGE_URL ""
| #define STDC_HEADERS 1
| #define HAVE_SYS_TYPES_H 1
| #define HAVE_SYS_STAT_H 1
| #define HAVE_STDLIB_H 1
| #define HAVE_STRING_H 1
| #define HAVE_MEMORY_H 1
| #define HAVE_STRINGS_H 1
| #define HAVE_INTTYPES_H 1
| #define HAVE_STDINT_H 1
| #define HAVE_UNISTD_H 1
| #define HAVE_STDLIB_H 1
| #define HAVE_MALLOC 1
| #define HAVE_STDLIB_H 1
| #define HAVE_REALLOC 1
| #define HAVE_LIBC 1
| #define HAVE_LIBM 1
| #define HAVE_STDIO_H 1
| #define HAVE_STDLIB_H 1
| #define HAVE_COMPLEX_H 1
| #define HAVE_STRING_H 1
| #define HAVE_GETOPT_H 1
| #define HAVE_SYS_RESOURCE_H 1
| #define HAVE_FLOAT_H 1
| #define HAVE_INTTYPES_H 1
| #define HAVE_LIMITS_H 1
| #define HAVE_STDLIB_H 1
| #define HAVE_STRING_H 1
| #define HAVE_UNISTD_H 1
| #define HAVE_FEC_H 1
| #define HAVE_FFTW3_H 1
| #define HAVE_LIBFFTW3F 1
| #define HAVE_LIBFEC 1
| #define SIZEOF_INT 4
| #define SIZEOF_UNSIGNED_INT 4
| #define HAVE_MMINTRIN_H 1
| #define HAVE_XMMINTRIN_H 1
| #define HAVE_EMMINTRIN_H 1
| #define HAVE_PMMINTRIN_H 1
| /* end confdefs.h.  */
| #include <tmmintrin.h>
configure:5163: result: no
configure:5163: WARNING: tmmintrin.h: accepted by the compiler, rejected by the preprocessor!
configure:5163: WARNING: tmmintrin.h: proceeding with the compiler's result
configure:5163: checking for tmmintrin.h
configure:5163: result: yes
configure:5163: checking smmintrin.h usability
configure:5163: gcc -c -g -O2 -march=core2  conftest.c >&5
In file included from conftest.c:81:0:
/usr/lib/gcc/x86_64-linux-gnu/4.8/include/smmintrin.h:31:3: error: #error "SSE4.1 instruction set not enabled"
 # error "SSE4.1 instruction set not enabled"
   ^
configure:5163: $? = 1
configure: failed program was:
| /* confdefs.h */
| #define PACKAGE_NAME "liquid-dsp"
| #define PACKAGE_TARNAME "liquid-dsp"
| #define PACKAGE_VERSION "1.2.0"
| #define PACKAGE_STRING "liquid-dsp 1.2.0"
| #define PACKAGE_BUGREPORT "support@liquidsdr.org"
| #define PACKAGE_URL ""
| #define STDC_HEADERS 1
| #define HAVE_SYS_TYPES_H 1
| #define HAVE_SYS_STAT_H 1
| #define HAVE_STDLIB_H 1
| #define HAVE_STRING_H 1
| #define HAVE_MEMORY_H 1
| #define HAVE_STRINGS_H 1
| #define HAVE_INTTYPES_H 1
| #define HAVE_STDINT_H 1
| #define HAVE_UNISTD_H 1
| #define HAVE_STDLIB_H 1
| #define HAVE_MALLOC 1
| #define HAVE_STDLIB_H 1
| #define HAVE_REALLOC 1
| #define HAVE_LIBC 1
| #define HAVE_LIBM 1
| #define HAVE_STDIO_H 1
| #define HAVE_STDLIB_H 1
| #define HAVE_COMPLEX_H 1
| #define HAVE_STRING_H 1
| #define HAVE_GETOPT_H 1
| #define HAVE_SYS_RESOURCE_H 1
| #define HAVE_FLOAT_H 1
| #define HAVE_INTTYPES_H 1
| #define HAVE_LIMITS_H 1
| #define HAVE_STDLIB_H 1
| #define HAVE_STRING_H 1
| #define HAVE_UNISTD_H 1
| #define HAVE_FEC_H 1
| #define HAVE_FFTW3_H 1
| #define HAVE_LIBFFTW3F 1
| #define HAVE_LIBFEC 1
| #define SIZEOF_INT 4
| #define SIZEOF_UNSIGNED_INT 4
| #define HAVE_MMINTRIN_H 1
| #define HAVE_XMMINTRIN_H 1
| #define HAVE_EMMINTRIN_H 1
| #define HAVE_PMMINTRIN_H 1
| #define HAVE_TMMINTRIN_H 1
| /* end confdefs.h.  */
| #include <stdio.h>
| #ifdef HAVE_SYS_TYPES_H
| # include <sys/types.h>
| #endif
| #ifdef HAVE_SYS_STAT_H
| # include <sys/stat.h>
| #endif
| #ifdef STDC_HEADERS
| # include <stdlib.h>
| # include <stddef.h>
| #else
| # ifdef HAVE_STDLIB_H
| #  include <stdlib.h>
| # endif
| #endif
| #ifdef HAVE_STRING_H
| # if !defined STDC_HEADERS && defined HAVE_MEMORY_H
| #  include <memory.h>
| # endif
| # include <string.h>
| #endif
| #ifdef HAVE_STRINGS_H
| # include <strings.h>
| #endif
| #ifdef HAVE_INTTYPES_H
| # include <inttypes.h>
| #endif
| #ifdef HAVE_STDINT_H
| # include <stdint.h>
| #endif
| #ifdef HAVE_UNISTD_H
| # include <unistd.h>
| #endif
| #include <smmintrin.h>
configure:5163: result: no
configure:5163: checking smmintrin.h presence
configure:5163: gcc -E  conftest.c
In file included from conftest.c:48:0:
/usr/lib/gcc/x86_64-linux-gnu/4.8/include/smmintrin.h:31:3: error: #error "SSE4.1 instruction set not enabled"
 # error "SSE4.1 instruction set not enabled"
   ^
configure:5163: $? = 1
configure: failed program was:
| /* confdefs.h */
| #define PACKAGE_NAME "liquid-dsp"
| #define PACKAGE_TARNAME "liquid-dsp"
| #define PACKAGE_VERSION "1.2.0"
| #define PACKAGE_STRING "liquid-dsp 1.2.0"
| #define PACKAGE_BUGREPORT "support@liquidsdr.org"
| #define PACKAGE_URL ""
| #define STDC_HEADERS 1
| #define HAVE_SYS_TYPES_H 1
| #define HAVE_SYS_STAT_H 1
| #define HAVE_STDLIB_H 1
| #define HAVE_STRING_H 1
| #define HAVE_MEMORY_H 1
| #define HAVE_STRINGS_H 1
| #define HAVE_INTTYPES_H 1
| #define HAVE_STDINT_H 1
| #define HAVE_UNISTD_H 1
| #define HAVE_STDLIB_H 1
| #define HAVE_MALLOC 1
| #define HAVE_STDLIB_H 1
| #define HAVE_REALLOC 1
| #define HAVE_LIBC 1
| #define HAVE_LIBM 1
| #define HAVE_STDIO_H 1
| #define HAVE_STDLIB_H 1
| #define HAVE_COMPLEX_H 1
| #define HAVE_STRING_H 1
| #define HAVE_GETOPT_H 1
| #define HAVE_SYS_RESOURCE_H 1
| #define HAVE_FLOAT_H 1
| #define HAVE_INTTYPES_H 1
| #define HAVE_LIMITS_H 1
| #define HAVE_STDLIB_H 1
| #define HAVE_STRING_H 1
| #define HAVE_UNISTD_H 1
| #define HAVE_FEC_H 1
| #define HAVE_FFTW3_H 1
| #define HAVE_LIBFFTW3F 1
| #define HAVE_LIBFEC 1
| #define SIZEOF_INT 4
| #define SIZEOF_UNSIGNED_INT 4
| #define HAVE_MMINTRIN_H 1
| #define HAVE_XMMINTRIN_H 1
| #define HAVE_EMMINTRIN_H 1
| #define HAVE_PMMINTRIN_H 1
| #define HAVE_TMMINTRIN_H 1
| /* end confdefs.h.  */
| #include <smmintrin.h>
configure:5163: result: no
configure:5163: checking for smmintrin.h
configure:5163: result: no
configure:5163: checking immintrin.h usability
configure:5163: gcc -c -g -O2 -march=core2  conftest.c >&5
configure:5163: $? = 0
configure:5163: result: yes
configure:5163: checking immintrin.h presence
configure:5163: gcc -E  conftest.c
configure:5163: $? = 0
configure:5163: result: yes
configure:5163: checking for immintrin.h
configure:5163: result: yes
configure:5174: checking whether mmx is supported
configure:5186: result: yes
configure:5189: checking whether sse is supported
configure:5201: result: yes
configure:5204: checking whether sse2 is supported
configure:5216: result: yes
configure:5219: checking whether sse3 is supported
configure:5231: result: yes
configure:5234: checking whether ssse3 is supported
configure:5246: result: yes
configure:5249: checking whether sse4.1 is supported
configure:5261: result: yes
configure:5264: checking whether sse4.2 is supported
configure:5276: result: yes
configure:5279: checking whether avx is supported
configure:5291: result: yes
configure:5298: checking whether C compiler accepts -mmmx
configure:5317: gcc -c -g -O2 -march=core2  -mmmx  conftest.c >&5
configure:5317: $? = 0
configure:5325: result: yes
configure:5339: checking whether C compiler accepts -msse
configure:5358: gcc -c -g -O2 -march=core2  -msse  conftest.c >&5
configure:5358: $? = 0
configure:5366: result: yes
configure:5380: checking whether C compiler accepts -msse2
configure:5399: gcc -c -g -O2 -march=core2  -msse2  conftest.c >&5
configure:5399: $? = 0
configure:5407: result: yes
configure:5421: checking whether C compiler accepts -msse3
configure:5440: gcc -c -g -O2 -march=core2  -msse3  conftest.c >&5
configure:5440: $? = 0
configure:5448: result: yes
configure:5462: checking whether C compiler accepts -mssse3
configure:5481: gcc -c -g -O2 -march=core2  -mssse3  conftest.c >&5
configure:5481: $? = 0
configure:5489: result: yes
configure:5585: checking whether C compiler accepts -mavx
configure:5604: gcc -c -g -O2 -march=core2  -mavx  conftest.c >&5
configure:5604: $? = 0
configure:5612: result: yes
configure:5820: creating ./config.status

## ---------------------- ##
## Running config.status. ##
## ---------------------- ##

This file was extended by liquid-dsp config.status 1.2.0, which was
generated by GNU Autoconf 2.69.  Invocation command line was

  CONFIG_FILES    = 
  CONFIG_HEADERS  = 
  CONFIG_LINKS    = 
  CONFIG_COMMANDS = 
  $ ./config.status 

on adjusted-baboon

config.status:863: creating makefile
config.status:863: creating config.h
config.status:1038: config.h is unchanged

## ---------------- ##
## Cache variables. ##
## ---------------- ##

ac_cv_build=x86_64-unknown-linux-gnu
ac_cv_c_compiler_gnu=yes
ac_cv_c_inline=inline
ac_cv_c_uint32_t=yes
ac_cv_c_uint8_t=yes
ac_cv_env_CC_set=
ac_cv_env_CC_value=
ac_cv_env_CFLAGS_set=
ac_cv_env_CFLAGS_value=
ac_cv_env_CPPFLAGS_set=
ac_cv_env_CPPFLAGS_value=
ac_cv_env_CPP_set=
ac_cv_env_CPP_value=
ac_cv_env_LDFLAGS_set=
ac_cv_env_LDFLAGS_value=
ac_cv_env_LIBS_set=
ac_cv_env_LIBS_value=
ac_cv_env_build_alias_set=
ac_cv_env_build_alias_value=
ac_cv_env_host_alias_set=
ac_cv_env_host_alias_value=
ac_cv_env_target_alias_set=
ac_cv_env_target_alias_value=
ac_cv_func_cargf=yes
ac_cv_func_cexpf=yes
ac_cv_func_cimagf=yes
ac_cv_func_cosf=yes
ac_cv_func_crealf=yes
ac_cv_func_expf=yes
ac_cv_func_free=yes
ac_cv_func_malloc=yes
ac_cv_func_malloc_0_nonnull=yes
ac_cv_func_memmove=yes
ac_cv_func_memset=yes
ac_cv_func_realloc=yes
ac_cv_func_realloc_0_nonnull=yes
ac_cv_func_sinf=yes
ac_cv_func_sqrtf=yes
ac_cv_header_complex_h=yes
ac_cv_header_emmintrin_h=yes
ac_cv_header_fec_h=yes
ac_cv_header_fftw3_h=yes
ac_cv_header_float_h=yes
ac_cv_header_getopt_h=yes
ac_cv_header_immintrin_h=yes
ac_cv_header_inttypes_h=yes
ac_cv_header_limits_h=yes
ac_cv_header_memory_h=yes
ac_cv_header_mmintrin_h=yes
ac_cv_header_pmmintrin_h=yes
ac_cv_header_smmintrin_h=no
ac_cv_header_stdc=yes
ac_cv_header_stdint_h=yes
ac_cv_header_stdio_h=yes
ac_cv_header_stdlib_h=yes
ac_cv_header_string_h=yes
ac_cv_header_strings_h=yes
ac_cv_header_sys_resource_h=yes
ac_cv_header_sys_stat_h=yes
ac_cv_header_sys_types_h=yes
ac_cv_header_tmmintrin_h=yes
ac_cv_header_unistd_h=yes
ac_cv_header_xmmintrin_h=yes
ac_cv_host=x86_64-unknown-linux-gnu
ac_cv_lib_c_main=yes
ac_cv_lib_error_at_line=yes
ac_cv_lib_fec_create_viterbi27=yes
ac_cv_lib_fftw3f_fftwf_plan_dft_1d=yes
ac_cv_lib_m_main=yes
ac_cv_objext=o
ac_cv_path_EGREP='/bin/grep -E'
ac_cv_path_GREP=/bin/grep
ac_cv_path_SED=/bin/sed
ac_cv_path_install='/usr/bin/install -c'
ac_cv_prog_CPP='gcc -E'
ac_cv_prog_ac_ct_CC=gcc
ac_cv_prog_ac_ct_RANLIB=ranlib
ac_cv_prog_cc_c89=
ac_cv_prog_cc_g=yes
ac_cv_sizeof_int=4
ac_cv_sizeof_unsigned_int=4
ac_cv_target=x86_64-unknown-linux-gnu
ac_cv_type_size_t=yes
ax_cv_check_cflags___march_core2=yes
ax_cv_check_cflags___mavx=yes
ax_cv_check_cflags___mmmx=yes
ax_cv_check_cflags___msse2=yes
ax_cv_check_cflags___msse3=yes
ax_cv_check_cflags___msse=yes
ax_cv_check_cflags___mssse3=yes
ax_cv_gcc_archflag=-march=core2
ax_cv_gcc_x86_cpuid_0=16:756e6547:6c65746e:49656e69
ax_cv_gcc_x86_cpuid_0x00000001=506e3:3100800:7ffafbff:bfebfbff
ax_cv_gcc_x86_cpuid_1=506e3:7100800:7ffafbff:bfebfbff
ax_cv_have_avx_ext=yes
ax_cv_have_mmx_ext=yes
ax_cv_have_sse2_ext=yes
ax_cv_have_sse3_ext=yes
ax_cv_have_sse41_ext=yes
ax_cv_have_sse42_ext=yes
ax_cv_have_sse_ext=yes
ax_cv_have_ssse3_ext=yes

## ----------------- ##
## Output variables. ##
## ----------------- ##

ARCH_OPTION=''
CC='gcc'
CFLAGS='-g -O2 -march=core2'
CLIB=''
CPP='gcc -E'
CPPFLAGS=''
DEBUG_OPTION=''
DEFS='-DHAVE_CONFIG_H'
ECHO_C=''
ECHO_N='-n'
ECHO_T=''
EGREP='/bin/grep -E'
EXEEXT=''
GREP='/bin/grep'
INSTALL_DATA='${INSTALL} -m 644'
INSTALL_PROGRAM='${INSTALL}'
INSTALL_SCRIPT='${INSTALL}'
LDFLAGS=''
LIBOBJS=''
LIBS='-lfec -lfftw3f -lm -lc '
LTLIBOBJS=''
MLIBS_DOTPROD='src/dotprod/src/dotprod_cccf.mmx.o                        src/dotprod/src/dotprod_crcf.mmx.o                        src/dotprod/src/dotprod_rrrf.mmx.o                        src/dotprod/src/sumsq.mmx.o'
MLIBS_VECTOR='src/vector/src/vectorf_add.port.o                 src/vector/src/vectorf_norm.port.o                src/vector/src/vectorf_mul.port.o                 src/vector/src/vectorf_trig.port.o                src/vector/src/vectorcf_add.port.o                src/vector/src/vectorcf_norm.port.o               src/vector/src/vectorcf_mul.port.o                src/vector/src/vectorcf_trig.port.o'
OBJEXT='o'
PACKAGE_BUGREPORT='support@liquidsdr.org'
PACKAGE_NAME='liquid-dsp'
PACKAGE_STRING='liquid-dsp 1.2.0'
PACKAGE_TARNAME='liquid-dsp'
PACKAGE_URL=''
PACKAGE_VERSION='1.2.0'
PATH_SEPARATOR=':'
PRTDIAG=''
RANLIB='ranlib'
REBIND='ldconfig'
SED='/bin/sed'
SHELL='/bin/bash'
SH_LIB='libliquid.so'
SIMD_FLAGS=' -mmmx -msse -msse2 -msse3 -mssse3 -mavx'
ac_ct_CC='gcc'
bindir='${exec_prefix}/bin'
build='x86_64-unknown-linux-gnu'
build_alias=''
build_cpu='x86_64'
build_os='linux-gnu'
build_vendor='unknown'
datadir='${datarootdir}'
datarootdir='${prefix}/share'
docdir='${datarootdir}/doc/${PACKAGE_TARNAME}'
dvidir='${docdir}'
exec_prefix='${prefix}'
host='x86_64-unknown-linux-gnu'
host_alias=''
host_cpu='x86_64'
host_os='linux-gnu'
host_vendor='unknown'
htmldir='${docdir}'
includedir='${prefix}/include'
infodir='${datarootdir}/info'
libdir='${exec_prefix}/lib'
libexecdir='${exec_prefix}/libexec'
localedir='${datarootdir}/locale'
localstatedir='${prefix}/var'
mandir='${datarootdir}/man'
oldincludedir='/usr/include'
pdfdir='${docdir}'
prefix='/usr/local'
program_transform_name='s,x,x,'
psdir='${docdir}'
sbindir='${exec_prefix}/sbin'
sharedstatedir='${prefix}/com'
sysconfdir='${prefix}/etc'
target='x86_64-unknown-linux-gnu'
target_alias=''
target_cpu='x86_64'
target_os='linux-gnu'
target_vendor='unknown'

## ----------- ##
## confdefs.h. ##
## ----------- ##

/* confdefs.h */
#define PACKAGE_NAME "liquid-dsp"
#define PACKAGE_TARNAME "liquid-dsp"
#define PACKAGE_VERSION "1.2.0"
#define PACKAGE_STRING "liquid-dsp 1.2.0"
#define PACKAGE_BUGREPORT "support@liquidsdr.org"
#define PACKAGE_URL ""
#define STDC_HEADERS 1
#define HAVE_SYS_TYPES_H 1
#define HAVE_SYS_STAT_H 1
#define HAVE_STDLIB_H 1
#define HAVE_STRING_H 1
#define HAVE_MEMORY_H 1
#define HAVE_STRINGS_H 1
#define HAVE_INTTYPES_H 1
#define HAVE_STDINT_H 1
#define HAVE_UNISTD_H 1
#define HAVE_STDLIB_H 1
#define HAVE_MALLOC 1
#define HAVE_STDLIB_H 1
#define HAVE_REALLOC 1
#define HAVE_LIBC 1
#define HAVE_LIBM 1
#define HAVE_STDIO_H 1
#define HAVE_STDLIB_H 1
#define HAVE_COMPLEX_H 1
#define HAVE_STRING_H 1
#define HAVE_GETOPT_H 1
#define HAVE_SYS_RESOURCE_H 1
#define HAVE_FLOAT_H 1
#define HAVE_INTTYPES_H 1
#define HAVE_LIMITS_H 1
#define HAVE_STDLIB_H 1
#define HAVE_STRING_H 1
#define HAVE_UNISTD_H 1
#define HAVE_FEC_H 1
#define HAVE_FFTW3_H 1
#define HAVE_LIBFFTW3F 1
#define HAVE_LIBFEC 1
#define SIZEOF_INT 4
#define SIZEOF_UNSIGNED_INT 4
#define HAVE_MMINTRIN_H 1
#define HAVE_XMMINTRIN_H 1
#define HAVE_EMMINTRIN_H 1
#define HAVE_PMMINTRIN_H 1
#define HAVE_TMMINTRIN_H 1
#define HAVE_IMMINTRIN_H 1
#define HAVE_MMX /**/
#define HAVE_SSE /**/
#define HAVE_SSE2 /**/
#define HAVE_SSE3 /**/
#define HAVE_SSSE3 /**/
#define HAVE_AVX /**/

configure: exit 0
